android/build/intermediates/manifest_merge_blame_file/debug/processDebugManifest/manifest-merger-blame-debug-report.txt
1<?xml version="1.0" encoding="utf-8"?>
2<manifest xmlns:android="http://schemas.android.com/apk/res/android"
3    package="com.callx" >
4
5    <uses-sdk android:minSdkVersion="24" />
6
7    <!-- Permissions for call handling -->
8    <uses-permission android:name="android.permission.INTERNET" />
8-->src/main/AndroidManifest.xml:4:5-67
8-->src/main/AndroidManifest.xml:4:22-64
9    <uses-permission android:name="android.permission.WAKE_LOCK" />
9-->src/main/AndroidManifest.xml:5:5-68
9-->src/main/AndroidManifest.xml:5:22-65
10    <uses-permission android:name="android.permission.VIBRATE" />
10-->src/main/AndroidManifest.xml:6:5-66
10-->src/main/AndroidManifest.xml:6:22-63
11    <uses-permission android:name="android.permission.RECEIVE_BOOT_COMPLETED" />
11-->src/main/AndroidManifest.xml:7:5-81
11-->src/main/AndroidManifest.xml:7:22-78
12    <uses-permission android:name="android.permission.FOREGROUND_SERVICE" />
12-->src/main/AndroidManifest.xml:8:5-77
12-->src/main/AndroidManifest.xml:8:22-74
13    <uses-permission android:name="android.permission.POST_NOTIFICATIONS" />
13-->src/main/AndroidManifest.xml:9:5-77
13-->src/main/AndroidManifest.xml:9:22-74
14    <uses-permission android:name="android.permission.USE_FULL_SCREEN_INTENT" />
14-->src/main/AndroidManifest.xml:10:5-81
14-->src/main/AndroidManifest.xml:10:22-78
15    <uses-permission android:name="android.permission.SYSTEM_ALERT_WINDOW" />
15-->src/main/AndroidManifest.xml:11:5-78
15-->src/main/AndroidManifest.xml:11:22-75
16
17    <!-- Permissions for call logging -->
18    <uses-permission android:name="android.permission.WRITE_CALL_LOG" />
18-->src/main/AndroidManifest.xml:14:5-73
18-->src/main/AndroidManifest.xml:14:22-70
19    <uses-permission android:name="android.permission.READ_CALL_LOG" />
19-->src/main/AndroidManifest.xml:15:5-72
19-->src/main/AndroidManifest.xml:15:22-69
20
21    <application>
21-->src/main/AndroidManifest.xml:17:5-39:19
22
23        <!-- Incoming Call Activity -->
24        <activity
24-->src/main/AndroidManifest.xml:19:9-28:44
25            android:name="com.callx.IncomingCallActivity"
25-->src/main/AndroidManifest.xml:20:13-49
26            android:excludeFromRecents="true"
26-->src/main/AndroidManifest.xml:24:13-46
27            android:exported="false"
27-->src/main/AndroidManifest.xml:22:13-37
28            android:launchMode="singleTask"
28-->src/main/AndroidManifest.xml:23:13-44
29            android:screenOrientation="portrait"
29-->src/main/AndroidManifest.xml:27:13-49
30            android:showOnLockScreen="true"
30-->src/main/AndroidManifest.xml:25:13-44
31            android:taskAffinity=".call"
31-->src/main/AndroidManifest.xml:28:13-41
32            android:theme="@style/Theme.Callx.FullScreen"
32-->src/main/AndroidManifest.xml:21:13-58
33            android:turnScreenOn="true" />
33-->src/main/AndroidManifest.xml:26:13-40
34
35        <!-- Native Firebase Messaging Service -->
36        <service
36-->src/main/AndroidManifest.xml:31:9-38:19
37            android:name="com.callx.CallxFirebaseMessagingService"
37-->src/main/AndroidManifest.xml:32:13-58
38            android:directBootAware="true"
38-->src/main/AndroidManifest.xml:33:13-43
39            android:exported="false" >
39-->src/main/AndroidManifest.xml:34:13-37
40            <intent-filter android:priority="1" >
40-->src/main/AndroidManifest.xml:35:13-37:29
40-->src/main/AndroidManifest.xml:35:28-48
41                <action android:name="com.google.firebase.MESSAGING_EVENT" />
41-->src/main/AndroidManifest.xml:36:17-78
41-->src/main/AndroidManifest.xml:36:25-75
42            </intent-filter>
43        </service>
44    </application>
45
46</manifest>